# JRE version: OpenJDK Runtime Environment (8.0_76-b03) (build 1.8.0_76-release-b03)
# Java VM: OpenJDK 64-Bit Server VM (25.76-b03 mixed mode windows-amd64 compressed oops)
Heap:
 PSYoungGen      total 102400K, used 84882K [0x00000000eab00000, 0x00000000f1a80000, 0x0000000100000000)
  eden space 93696K, 84% used [0x00000000eab00000,0x00000000ef8b1f70,0x00000000f0680000)
  from space 8704K, 61% used [0x00000000f1200000,0x00000000f1732b38,0x00000000f1a80000)
  to   space 10240K, 0% used [0x00000000f0680000,0x00000000f0680000,0x00000000f1080000)
 ParOldGen       total 67584K, used 13914K [0x00000000c0000000, 0x00000000c4200000, 0x00000000eab00000)
  object space 67584K, 20% used [0x00000000c0000000,0x00000000c0d969f0,0x00000000c4200000)
 Metaspace       used 31913K, capacity 32440K, committed 32640K, reserved 1077248K
  class space    used 4316K, capacity 4439K, committed 4480K, reserved 1048576K
GC Heap History (10 events):
Event: 1.536 GC heap before
{Heap before GC invocations=3 (full 0):
 PSYoungGen      total 38400K, used 37881K [0x00000000eab00000, 0x00000000ed580000, 0x0000000100000000)
  eden space 33280K, 98% used [0x00000000eab00000,0x00000000ecb04538,0x00000000ecb80000)
  from space 5120K, 99% used [0x00000000ed080000,0x00000000ed579fa8,0x00000000ed580000)
  to   space 5120K, 0% used [0x00000000ecb80000,0x00000000ecb80000,0x00000000ed080000)
 ParOldGen       total 87552K, used 1116K [0x00000000c0000000, 0x00000000c5580000, 0x00000000eab00000)
  object space 87552K, 1% used [0x00000000c0000000,0x00000000c0117260,0x00000000c5580000)
 Metaspace       used 18587K, capacity 18946K, committed 19072K, reserved 1064960K
  class space    used 2490K, capacity 2621K, committed 2688K, reserved 1048576K
Event: 1.546 GC heap after
Heap after GC invocations=3 (full 0):
 PSYoungGen      total 38400K, used 5119K [0x00000000eab00000, 0x00000000ef600000, 0x0000000100000000)
  eden space 33280K, 0% used [0x00000000eab00000,0x00000000eab00000,0x00000000ecb80000)
  from space 5120K, 99% used [0x00000000ecb80000,0x00000000ed07fc30,0x00000000ed080000)
  to   space 5120K, 0% used [0x00000000ef100000,0x00000000ef100000,0x00000000ef600000)
 ParOldGen       total 87552K, used 5560K [0x00000000c0000000, 0x00000000c5580000, 0x00000000eab00000)
  object space 87552K, 6% used [0x00000000c0000000,0x00000000c056e0f0,0x00000000c5580000)
 Metaspace       used 18587K, capacity 18946K, committed 19072K, reserved 1064960K
  class space    used 2490K, capacity 2621K, committed 2688K, reserved 1048576K
}
Event: 1.778 GC heap before
{Heap before GC invocations=4 (full 0):
 PSYoungGen      total 38400K, used 26489K [0x00000000eab00000, 0x00000000ef600000, 0x0000000100000000)
  eden space 33280K, 64% used [0x00000000eab00000,0x00000000ebfdeb38,0x00000000ecb80000)
  from space 5120K, 99% used [0x00000000ecb80000,0x00000000ed07fc30,0x00000000ed080000)
  to   space 5120K, 0% used [0x00000000ef100000,0x00000000ef100000,0x00000000ef600000)
 ParOldGen       total 87552K, used 5560K [0x00000000c0000000, 0x00000000c5580000, 0x00000000eab00000)
  object space 87552K, 6% used [0x00000000c0000000,0x00000000c056e0f0,0x00000000c5580000)
 Metaspace       used 20844K, capacity 21158K, committed 21296K, reserved 1067008K
  class space    used 2760K, capacity 2884K, committed 2944K, reserved 1048576K
Event: 1.789 GC heap after
Heap after GC invocations=4 (full 0):
 PSYoungGen      total 71680K, used 5104K [0x00000000eab00000, 0x00000000ef600000, 0x0000000100000000)
  eden space 66560K, 0% used [0x00000000eab00000,0x00000000eab00000,0x00000000eec00000)
  from space 5120K, 99% used [0x00000000ef100000,0x00000000ef5fc030,0x00000000ef600000)
  to   space 5120K, 0% used [0x00000000eec00000,0x00000000eec00000,0x00000000ef100000)
 ParOldGen       total 87552K, used 7872K [0x00000000c0000000, 0x00000000c5580000, 0x00000000eab00000)
  object space 87552K, 8% used [0x00000000c0000000,0x00000000c07b0398,0x00000000c5580000)
 Metaspace       used 20844K, capacity 21158K, committed 21296K, reserved 1067008K
  class space    used 2760K, capacity 2884K, committed 2944K, reserved 1048576K
}
Event: 1.789 GC heap before
{Heap before GC invocations=5 (full 1):
 PSYoungGen      total 71680K, used 5104K [0x00000000eab00000, 0x00000000ef600000, 0x0000000100000000)
  eden space 66560K, 0% used [0x00000000eab00000,0x00000000eab00000,0x00000000eec00000)
  from space 5120K, 99% used [0x00000000ef100000,0x00000000ef5fc030,0x00000000ef600000)
  to   space 5120K, 0% used [0x00000000eec00000,0x00000000eec00000,0x00000000ef100000)
 ParOldGen       total 87552K, used 7872K [0x00000000c0000000, 0x00000000c5580000, 0x00000000eab00000)
  object space 87552K, 8% used [0x00000000c0000000,0x00000000c07b0398,0x00000000c5580000)
 Metaspace       used 20844K, capacity 21158K, committed 21296K, reserved 1067008K
  class space    used 2760K, capacity 2884K, committed 2944K, reserved 1048576K
Event: 1.832 GC heap after
Heap after GC invocations=5 (full 1):
 PSYoungGen      total 71680K, used 0K [0x00000000eab00000, 0x00000000ef600000, 0x0000000100000000)
  eden space 66560K, 0% used [0x00000000eab00000,0x00000000eab00000,0x00000000eec00000)
  from space 5120K, 0% used [0x00000000ef100000,0x00000000ef100000,0x00000000ef600000)
  to   space 5120K, 0% used [0x00000000eec00000,0x00000000eec00000,0x00000000ef100000)
 ParOldGen       total 67584K, used 11547K [0x00000000c0000000, 0x00000000c4200000, 0x00000000eab00000)
  object space 67584K, 17% used [0x00000000c0000000,0x00000000c0b46d30,0x00000000c4200000)
 Metaspace       used 20844K, capacity 21158K, committed 21296K, reserved 1067008K
  class space    used 2760K, capacity 2884K, committed 2944K, reserved 1048576K
}
Event: 2.671 GC heap before
{Heap before GC invocations=6 (full 1):
 PSYoungGen      total 71680K, used 66560K [0x00000000eab00000, 0x00000000ef600000, 0x0000000100000000)
  eden space 66560K, 100% used [0x00000000eab00000,0x00000000eec00000,0x00000000eec00000)
  from space 5120K, 0% used [0x00000000ef100000,0x00000000ef100000,0x00000000ef600000)
  to   space 5120K, 0% used [0x00000000eec00000,0x00000000eec00000,0x00000000ef100000)
 ParOldGen       total 67584K, used 11547K [0x00000000c0000000, 0x00000000c4200000, 0x00000000eab00000)
  object space 67584K, 17% used [0x00000000c0000000,0x00000000c0b46d30,0x00000000c4200000)
 Metaspace       used 26010K, capacity 26560K, committed 26880K, reserved 1073152K
  class space    used 3588K, capacity 3742K, committed 3840K, reserved 1048576K
Event: 2.679 GC heap after
Heap after GC invocations=6 (full 1):
 PSYoungGen      total 71680K, used 5090K [0x00000000eab00000, 0x00000000f1c00000, 0x0000000100000000)
  eden space 66560K, 0% used [0x00000000eab00000,0x00000000eab00000,0x00000000eec00000)
  from space 5120K, 99% used [0x00000000eec00000,0x00000000ef0f8830,0x00000000ef100000)
  to   space 10240K, 0% used [0x00000000f1200000,0x00000000f1200000,0x00000000f1c00000)
 ParOldGen       total 67584K, used 13906K [0x00000000c0000000, 0x00000000c4200000, 0x00000000eab00000)
  object space 67584K, 20% used [0x00000000c0000000,0x00000000c0d949f0,0x00000000c4200000)
 Metaspace       used 26010K, capacity 26560K, committed 26880K, reserved 1073152K
  class space    used 3588K, capacity 3742K, committed 3840K, reserved 1048576K
}
Event: 3.272 GC heap before
{Heap before GC invocations=7 (full 1):
 PSYoungGen      total 71680K, used 71650K [0x00000000eab00000, 0x00000000f1c00000, 0x0000000100000000)
  eden space 66560K, 100% used [0x00000000eab00000,0x00000000eec00000,0x00000000eec00000)
  from space 5120K, 99% used [0x00000000eec00000,0x00000000ef0f8830,0x00000000ef100000)
  to   space 10240K, 0% used [0x00000000f1200000,0x00000000f1200000,0x00000000f1c00000)
 ParOldGen       total 67584K, used 13906K [0x00000000c0000000, 0x00000000c4200000, 0x00000000eab00000)
  object space 67584K, 20% used [0x00000000c0000000,0x00000000c0d949f0,0x00000000c4200000)
 Metaspace       used 28187K, capacity 28766K, committed 29184K, reserved 1075200K
  class space    used 3837K, capacity 4003K, committed 4096K, reserved 1048576K
Event: 3.278 GC heap after
Heap after GC invocations=7 (full 1):
 PSYoungGen      total 102400K, used 5322K [0x00000000eab00000, 0x00000000f1a80000, 0x0000000100000000)
  eden space 93696K, 0% used [0x00000000eab00000,0x00000000eab00000,0x00000000f0680000)
  from space 8704K, 61% used [0x00000000f1200000,0x00000000f1732b38,0x00000000f1a80000)
  to   space 10240K, 0% used [0x00000000f0680000,0x00000000f0680000,0x00000000f1080000)
 ParOldGen       total 67584K, used 13914K [0x00000000c0000000, 0x00000000c4200000, 0x00000000eab00000)
  object space 67584K, 20% used [0x00000000c0000000,0x00000000c0d969f0,0x00000000c4200000)
 Metaspace       used 28187K, capacity 28766K, committed 29184K, reserved 1075200K
  class space    used 3837K, capacity 4003K, committed 4096K, reserved 1048576K
}

