# JRE version: OpenJDK Runtime Environment (8.0_76-b03) (build 1.8.0_76-release-b03)
# Java VM: OpenJDK 64-Bit Server VM (25.76-b03 mixed mode windows-amd64 compressed oops)
Heap:
 PSYoungGen      total 525312K, used 446349K [0x00000000d5580000, 0x0000000100000000, 0x0000000100000000)
  eden space 420352K, 81% used [0x00000000d5580000,0x00000000ea2e4a70,0x00000000ef000000)
  from space 104960K, 99% used [0x00000000f9980000,0x00000000ffffeb50,0x0000000100000000)
  to   space 139264K, 0% used [0x00000000ef000000,0x00000000ef000000,0x00000000f7800000)
 ParOldGen       total 330752K, used 231295K [0x0000000080000000, 0x0000000094300000, 0x00000000d5580000)
  object space 330752K, 69% used [0x0000000080000000,0x000000008e1dfdf0,0x0000000094300000)
 Metaspace       used 6467K, capacity 7280K, committed 7552K, reserved 1056768K
  class space    used 592K, capacity 616K, committed 640K, reserved 1048576K
GC Heap History (10 events):
Event: 4.227 GC heap before
{Heap before GC invocations=10 (full 1):
 PSYoungGen      total 377856K, used 377736K [0x00000000d5580000, 0x00000000fa600000, 0x0000000100000000)
  eden space 348672K, 100% used [0x00000000d5580000,0x00000000eaa00000,0x00000000eaa00000)
  from space 29184K, 99% used [0x00000000f8980000,0x00000000fa5e2338,0x00000000fa600000)
  to   space 51712K, 0% used [0x00000000f4100000,0x00000000f4100000,0x00000000f7380000)
 ParOldGen       total 163840K, used 80837K [0x0000000080000000, 0x000000008a000000, 0x00000000d5580000)
  object space 163840K, 49% used [0x0000000080000000,0x0000000084ef1780,0x000000008a000000)
 Metaspace       used 6233K, capacity 7216K, committed 7296K, reserved 1056768K
  class space    used 572K, capacity 616K, committed 640K, reserved 1048576K
Event: 4.285 GC heap after
Heap after GC invocations=10 (full 1):
 PSYoungGen      total 467968K, used 51688K [0x00000000d5580000, 0x00000000f8a00000, 0x0000000100000000)
  eden space 416256K, 0% used [0x00000000d5580000,0x00000000d5580000,0x00000000eec00000)
  from space 51712K, 99% used [0x00000000f4100000,0x00000000f737a350,0x00000000f7380000)
  to   space 23040K, 0% used [0x00000000f7380000,0x00000000f7380000,0x00000000f8a00000)
 ParOldGen       total 163840K, used 90441K [0x0000000080000000, 0x000000008a000000, 0x00000000d5580000)
  object space 163840K, 55% used [0x0000000080000000,0x0000000085852568,0x000000008a000000)
 Metaspace       used 6233K, capacity 7216K, committed 7296K, reserved 1056768K
  class space    used 572K, capacity 616K, committed 640K, reserved 1048576K
}
Event: 5.197 GC heap before
{Heap before GC invocations=11 (full 1):
 PSYoungGen      total 467968K, used 467944K [0x00000000d5580000, 0x00000000f8a00000, 0x0000000100000000)
  eden space 416256K, 100% used [0x00000000d5580000,0x00000000eec00000,0x00000000eec00000)
  from space 51712K, 99% used [0x00000000f4100000,0x00000000f737a350,0x00000000f7380000)
  to   space 23040K, 0% used [0x00000000f7380000,0x00000000f7380000,0x00000000f8a00000)
 ParOldGen       total 163840K, used 90441K [0x0000000080000000, 0x000000008a000000, 0x00000000d5580000)
  object space 163840K, 55% used [0x0000000080000000,0x0000000085852568,0x000000008a000000)
 Metaspace       used 6430K, capacity 7280K, committed 7552K, reserved 1056768K
  class space    used 592K, capacity 616K, committed 640K, reserved 1048576K
Event: 5.318 GC heap after
Heap after GC invocations=11 (full 1):
 PSYoungGen      total 485888K, used 23039K [0x00000000d5580000, 0x00000000ff600000, 0x0000000100000000)
  eden space 462848K, 0% used [0x00000000d5580000,0x00000000d5580000,0x00000000f1980000)
  from space 23040K, 99% used [0x00000000f7380000,0x00000000f89ffdb0,0x00000000f8a00000)
  to   space 92160K, 0% used [0x00000000f1980000,0x00000000f1980000,0x00000000f7380000)
 ParOldGen       total 182784K, used 182379K [0x0000000080000000, 0x000000008b280000, 0x00000000d5580000)
  object space 182784K, 99% used [0x0000000080000000,0x000000008b21acb0,0x000000008b280000)
 Metaspace       used 6430K, capacity 7280K, committed 7552K, reserved 1056768K
  class space    used 592K, capacity 616K, committed 640K, reserved 1048576K
}
Event: 5.318 GC heap before
{Heap before GC invocations=12 (full 2):
 PSYoungGen      total 485888K, used 23039K [0x00000000d5580000, 0x00000000ff600000, 0x0000000100000000)
  eden space 462848K, 0% used [0x00000000d5580000,0x00000000d5580000,0x00000000f1980000)
  from space 23040K, 99% used [0x00000000f7380000,0x00000000f89ffdb0,0x00000000f8a00000)
  to   space 92160K, 0% used [0x00000000f1980000,0x00000000f1980000,0x00000000f7380000)
 ParOldGen       total 182784K, used 182379K [0x0000000080000000, 0x000000008b280000, 0x00000000d5580000)
  object space 182784K, 99% used [0x0000000080000000,0x000000008b21acb0,0x000000008b280000)
 Metaspace       used 6430K, capacity 7280K, committed 7552K, reserved 1056768K
  class space    used 592K, capacity 616K, committed 640K, reserved 1048576K
Event: 6.177 GC heap after
Heap after GC invocations=12 (full 2):
 PSYoungGen      total 485888K, used 16218K [0x00000000d5580000, 0x00000000ff600000, 0x0000000100000000)
  eden space 462848K, 0% used [0x00000000d5580000,0x00000000d5580000,0x00000000f1980000)
  from space 23040K, 70% used [0x00000000f7380000,0x00000000f8356870,0x00000000f8a00000)
  to   space 92160K, 0% used [0x00000000f1980000,0x00000000f1980000,0x00000000f7380000)
 ParOldGen       total 330752K, used 182590K [0x0000000080000000, 0x0000000094300000, 0x00000000d5580000)
  object space 330752K, 55% used [0x0000000080000000,0x000000008b24f940,0x0000000094300000)
 Metaspace       used 6430K, capacity 7280K, committed 7552K, reserved 1056768K
  class space    used 592K, capacity 616K, committed 640K, reserved 1048576K
}
Event: 7.161 GC heap before
{Heap before GC invocations=13 (full 2):
 PSYoungGen      total 485888K, used 479066K [0x00000000d5580000, 0x00000000ff600000, 0x0000000100000000)
  eden space 462848K, 100% used [0x00000000d5580000,0x00000000f1980000,0x00000000f1980000)
  from space 23040K, 70% used [0x00000000f7380000,0x00000000f8356870,0x00000000f8a00000)
  to   space 92160K, 0% used [0x00000000f1980000,0x00000000f1980000,0x00000000f7380000)
 ParOldGen       total 330752K, used 182590K [0x0000000080000000, 0x0000000094300000, 0x00000000d5580000)
  object space 330752K, 55% used [0x0000000080000000,0x000000008b24f940,0x0000000094300000)
 Metaspace       used 6440K, capacity 7280K, committed 7552K, reserved 1056768K
  class space    used 592K, capacity 616K, committed 640K, reserved 1048576K
Event: 7.316 GC heap after
Heap after GC invocations=13 (full 2):
 PSYoungGen      total 555008K, used 86508K [0x00000000d5580000, 0x0000000100000000, 0x0000000100000000)
  eden space 462848K, 0% used [0x00000000d5580000,0x00000000d5580000,0x00000000f1980000)
  from space 92160K, 93% used [0x00000000f1980000,0x00000000f6dfb050,0x00000000f7380000)
  to   space 104960K, 0% used [0x00000000f9980000,0x00000000f9980000,0x0000000100000000)
 ParOldGen       total 330752K, used 184202K [0x0000000080000000, 0x0000000094300000, 0x00000000d5580000)
  object space 330752K, 55% used [0x0000000080000000,0x000000008b3e2a98,0x0000000094300000)
 Metaspace       used 6440K, capacity 7280K, committed 7552K, reserved 1056768K
  class space    used 592K, capacity 616K, committed 640K, reserved 1048576K
}
Event: 8.283 GC heap before
{Heap before GC invocations=14 (full 2):
 PSYoungGen      total 555008K, used 549356K [0x00000000d5580000, 0x0000000100000000, 0x0000000100000000)
  eden space 462848K, 100% used [0x00000000d5580000,0x00000000f1980000,0x00000000f1980000)
  from space 92160K, 93% used [0x00000000f1980000,0x00000000f6dfb050,0x00000000f7380000)
  to   space 104960K, 0% used [0x00000000f9980000,0x00000000f9980000,0x0000000100000000)
 ParOldGen       total 330752K, used 184202K [0x0000000080000000, 0x0000000094300000, 0x00000000d5580000)
  object space 330752K, 55% used [0x0000000080000000,0x000000008b3e2a98,0x0000000094300000)
 Metaspace       used 6463K, capacity 7280K, committed 7552K, reserved 1056768K
  class space    used 592K, capacity 616K, committed 640K, reserved 1048576K
Event: 8.405 GC heap after
Heap after GC invocations=14 (full 2):
 PSYoungGen      total 525312K, used 104954K [0x00000000d5580000, 0x0000000100000000, 0x0000000100000000)
  eden space 420352K, 0% used [0x00000000d5580000,0x00000000d5580000,0x00000000ef000000)
  from space 104960K, 99% used [0x00000000f9980000,0x00000000ffffeb50,0x0000000100000000)
  to   space 139264K, 0% used [0x00000000ef000000,0x00000000ef000000,0x00000000f7800000)
 ParOldGen       total 330752K, used 231295K [0x0000000080000000, 0x0000000094300000, 0x00000000d5580000)
  object space 330752K, 69% used [0x0000000080000000,0x000000008e1dfdf0,0x0000000094300000)
 Metaspace       used 6463K, capacity 7280K, committed 7552K, reserved 1056768K
  class space    used 592K, capacity 616K, committed 640K, reserved 1048576K
}

